<?xml version="1.0" encoding="UTF-8"?>
<!-- Generated by org.testng.reporters.JUnitReportReporter -->
<testsuite hostname="DESKTOP-R0QAPTP" failures="0" tests="1" name="com.youtube.songs.PlaySongs" time="53.787" errors="0" timestamp="2021-08-16T14:15:32 IST" skipped="0">
  <testcase classname="com.youtube.songs.PlaySongs" name="ButtaBomma" time="53.787"/>
  <system-out/>
</testsuite> <!-- com.youtube.songs.PlaySongs -->
